[2023/06/03 22:48:21] ::1 GET /swagger/index.html 200 904.958µs
[2023/06/03 22:48:21] ::1 GET /swagger/swagger-ui-standalone-preset.js 200 395.709µs
[2023/06/03 22:48:21] ::1 GET /swagger/swagger-ui.css 200 609.125µs
[2023/06/03 22:48:21] ::1 GET /swagger/swagger-ui-bundle.js 200 4.59425ms
[2023/06/03 22:48:21] ::1 GET /swagger/doc.json 200 255µs
[2023/06/04 00:18:46] ::1 GET /swagger/index.html 200 860.083µs
[2023/06/04 00:18:46] ::1 GET /swagger/swagger-ui.css 200 421.709µs
[2023/06/04 00:18:46] ::1 GET /swagger/swagger-ui-standalone-preset.js 200 422.875µs
[2023/06/04 00:18:46] ::1 GET /swagger/swagger-ui-bundle.js 200 3.629792ms
[2023/06/04 00:18:46] ::1 GET /swagger/doc.json 200 196.958µs
[2023/06/04 00:18:46] ::1 GET /swagger/favicon-32x32.png 200 25.792µs
[2023/06/04 00:22:48] ::1 GET /swagger/index.html 200 724.167µs
[2023/06/04 00:22:48] ::1 GET /swagger/swagger-ui-standalone-preset.js 200 444.334µs
[2023/06/04 00:22:48] ::1 GET /swagger/swagger-ui.css 200 194.459µs
[2023/06/04 00:22:48] ::1 GET /swagger/swagger-ui-bundle.js 200 4.112958ms
[2023/06/04 00:22:48] ::1 GET /swagger/doc.json 200 255.042µs
[2023/06/04 00:22:48] ::1 GET /swagger/favicon-32x32.png 200 47.917µs
[2023/06/04 00:24:08] ::1 GET /swagger/index.html 200 806.458µs
[2023/06/04 00:24:09] ::1 GET /swagger/swagger-ui.css 200 314.875µs
[2023/06/04 00:24:09] ::1 GET /swagger/swagger-ui-standalone-preset.js 200 274.75µs
[2023/06/04 00:24:09] ::1 GET /swagger/swagger-ui-bundle.js 200 2.691875ms
[2023/06/04 00:24:09] ::1 GET /swagger/doc.json 200 307.75µs
[2023/06/04 00:24:09] ::1 GET /swagger/favicon-32x32.png 200 53.958µs
[2023/06/04 00:24:27] ::1 POST /api/v1/auth/signup 404 1.916µs
[2023/06/04 00:27:30] ::1 POST /api/v1/auth/signup 400 572.584µs
[2023/06/04 00:28:35] ::1 POST /api/v1/auth/signup 201 122.334916ms
[2023/06/04 00:37:28] ::1 GET /swagger/index.html 200 702.875µs
[2023/06/04 00:37:28] ::1 GET /swagger/swagger-ui-standalone-preset.js 200 398.458µs
[2023/06/04 00:37:28] ::1 GET /swagger/swagger-ui.css 200 236.083µs
[2023/06/04 00:37:28] ::1 GET /swagger/swagger-ui-bundle.js 200 2.372667ms
[2023/06/04 00:37:28] ::1 GET /swagger/doc.json 200 206.209µs
[2023/06/04 00:37:28] ::1 GET /swagger/favicon-32x32.png 200 33.667µs
[2023/06/04 00:37:41] ::1 GET /swagger/index.html 200 683.292µs
[2023/06/04 00:37:41] ::1 GET /swagger/swagger-ui.css 200 200.709µs
[2023/06/04 00:37:41] ::1 GET /swagger/swagger-ui-standalone-preset.js 200 249.625µs
[2023/06/04 00:37:41] ::1 GET /swagger/swagger-ui-bundle.js 200 2.808125ms
[2023/06/04 00:37:41] ::1 GET /swagger/doc.json 200 206.167µs
[2023/06/04 00:37:41] ::1 GET /swagger/favicon-32x32.png 200 16.333µs
[2023/06/04 00:37:45] ::1 GET /swagger/index.html 200 723.834µs
[2023/06/04 00:37:45] ::1 GET /swagger/swagger-ui.css 200 221.375µs
[2023/06/04 00:37:45] ::1 GET /swagger/swagger-ui-standalone-preset.js 200 164.958µs
[2023/06/04 00:37:45] ::1 GET /swagger/swagger-ui-bundle.js 200 4.86725ms
[2023/06/04 00:37:45] ::1 GET /swagger/doc.json 200 331.209µs
[2023/06/04 00:37:45] ::1 GET /swagger/favicon-32x32.png 200 33.5µs
[2023/06/04 00:38:21] ::1 GET /swagger/index.html 200 772.417µs
[2023/06/04 00:38:21] ::1 GET /swagger/swagger-ui.css 200 222.5µs
[2023/06/04 00:38:21] ::1 GET /swagger/swagger-ui-standalone-preset.js 200 365.917µs
[2023/06/04 00:38:21] ::1 GET /swagger/swagger-ui-bundle.js 200 3.041708ms
[2023/06/04 00:38:21] ::1 GET /swagger/doc.json 200 166.625µs
[2023/06/04 00:38:21] ::1 GET /swagger/favicon-32x32.png 200 26.792µs
[2023/06/04 00:38:34] ::1 GET /api/v1/users/whoami 401 55.333µs
[2023/06/04 00:39:20] ::1 GET /swagger/index.html 200 551.208µs
[2023/06/04 00:39:20] ::1 GET /swagger/swagger-ui-standalone-preset.js 200 365.875µs
[2023/06/04 00:39:20] ::1 GET /swagger/swagger-ui.css 200 82.667µs
[2023/06/04 00:39:20] ::1 GET /swagger/swagger-ui-bundle.js 200 2.395ms
[2023/06/04 00:39:20] ::1 GET /swagger/doc.json 200 297.583µs
[2023/06/04 00:39:20] ::1 GET /swagger/favicon-32x32.png 200 27.667µs
[2023/06/04 00:39:47] ::1 POST /api/v1/auth/signin 200 16.253792ms
[2023/06/04 00:40:38] ::1 POST /api/v1/auth/signin 200 4.843542ms
[2023/06/04 00:42:38] ::1 POST /api/v1/auth/signin 200 34.59425ms
[2023/06/04 00:44:19] ::1 POST /api/v1/auth/signin 200 4.140875ms
[2023/06/04 00:44:31] ::1 POST /api/v1/auth/signin 200 3.97675ms
[2023/06/04 00:46:15] ::1 POST /api/v1/auth/signin 200 24.984792ms
[2023/06/04 00:50:00] ::1 POST /api/v1/auth/signin 500 7.173625ms
[2023/06/04 00:51:48] ::1 POST /api/v1/auth/signin 400 6.156958ms
[2023/06/04 00:51:58] ::1 POST /api/v1/auth/signin 400 1.342ms
[2023/06/04 00:51:59] ::1 POST /api/v1/auth/signin 400 1.164417ms
[2023/06/04 00:54:51] ::1 POST /api/v1/auth/signin 400 4.40075ms
[2023/06/04 00:55:17] ::1 POST /api/v1/auth/signin 400 35.382083ms
[2023/06/04 00:55:34] ::1 POST /api/v1/auth/signin 400 29.319459ms
[2023/06/04 00:56:00] ::1 POST /api/v1/auth/signin 400 20.014167ms
[2023/06/04 00:57:02] ::1 POST /api/v1/auth/signin 400 4.49875ms
[2023/06/04 00:57:51] ::1 POST /api/v1/auth/signin 400 4.473584ms
[2023/06/04 00:59:03] ::1 POST /api/v1/auth/signin 400 4.19275ms
[2023/06/04 01:02:25] ::1 POST /api/v1/auth/signin 500 31.732959ms
[2023/06/04 01:06:18] ::1 POST /api/v1/auth/signin 400 14.411042ms
[2023/06/04 01:06:32] ::1 POST /api/v1/auth/signin 400 10.191542ms
[2023/06/04 01:28:58] ::1 POST /api/v1/auth/signin 500 24.243167ms
[2023/06/04 01:29:47] ::1 POST /api/v1/auth/signin 500 19.125208ms
[2023/06/04 01:32:20] ::1 POST /api/v1/auth/signin 500 19.961875ms
[2023/06/04 01:32:49] ::1 POST /api/v1/auth/signin 500 21.94325ms
[2023/06/04 01:33:23] ::1 POST /api/v1/auth/signin 500 38.748833ms
[2023/06/04 01:34:58] ::1 POST /api/v1/auth/signin 500 8.209875ms
[2023/06/04 01:40:11] ::1 POST /api/v1/auth/signin 500 38.85125ms
[2023/06/04 01:43:27] ::1 POST /api/v1/auth/signin 500 17.509875ms
[2023/06/04 01:44:03] ::1 POST /api/v1/auth/signin 500 35.891292ms
[2023/06/04 01:49:12] ::1 POST /api/v1/auth/signin 500 31.571917ms
[2023/06/04 01:51:04] ::1 POST /api/v1/auth/signin 400 20.743625ms
[2023/06/04 01:52:50] ::1 POST /api/v1/auth/signin 500 26.494708ms
[2023/06/04 01:53:57] ::1 POST /api/v1/auth/signin 400 26.119291ms
[2023/06/04 01:54:22] ::1 POST /api/v1/auth/signin 400 8.876917ms
[2023/06/04 01:56:03] ::1 POST /api/v1/auth/signin 400 80.423792ms
[2023/06/04 02:00:16] ::1 POST /api/v1/auth/signin 400 136.797583ms
[2023/06/04 02:00:29] ::1 POST /api/v1/auth/signin 201 147.637416ms
[2023/06/04 02:08:43] ::1 GET /swagger/index.html 200 973.875µs
[2023/06/04 02:08:43] ::1 GET /swagger/swagger-ui.css 200 521.959µs
[2023/06/04 02:08:43] ::1 GET /swagger/swagger-ui-standalone-preset.js 200 377.125µs
[2023/06/04 02:08:43] ::1 GET /swagger/swagger-ui-bundle.js 200 1.560625ms
[2023/06/04 02:08:43] ::1 GET /swagger/doc.json 200 287.208µs
[2023/06/04 02:08:43] ::1 GET /swagger/favicon-32x32.png 200 55.75µs
[2023/06/04 02:09:17] ::1 GET /swagger/index.html 200 525.875µs
[2023/06/04 02:09:17] ::1 GET /swagger/swagger-ui.css 200 120.708µs
[2023/06/04 02:09:17] ::1 GET /swagger/swagger-ui-standalone-preset.js 200 195.5µs
[2023/06/04 02:09:17] ::1 GET /swagger/swagger-ui-bundle.js 200 2.86475ms
[2023/06/04 02:09:24] ::1 GET /swagger/doc.json 200 446.5µs
[2023/06/04 02:10:08] ::1 POST /api/v1/auth/signin 201 159.755791ms
[2023/06/04 02:15:04] ::1 GET /swagger/index.html 200 993.75µs
[2023/06/04 02:15:04] ::1 GET /swagger/swagger-ui-standalone-preset.js 200 555.959µs
[2023/06/04 02:15:04] ::1 GET /swagger/swagger-ui.css 200 247µs
[2023/06/04 02:15:04] ::1 GET /swagger/swagger-ui-bundle.js 200 2.246209ms
[2023/06/04 02:15:04] ::1 GET /swagger/doc.json 200 445.417µs
[2023/06/04 02:15:04] ::1 GET /swagger/favicon-32x32.png 200 73.542µs
[2023/06/04 02:31:41] ::1 GET /swagger/index.html 200 1.402833ms
[2023/06/04 02:31:41] ::1 GET /swagger/swagger-ui.css 200 272.375µs
[2023/06/04 02:31:41] ::1 GET /swagger/swagger-ui-standalone-preset.js 200 381.791µs
[2023/06/04 02:31:41] ::1 GET /swagger/swagger-ui-bundle.js 200 1.718917ms
[2023/06/04 02:31:41] ::1 GET /swagger/doc.json 200 256.125µs
[2023/06/04 02:31:41] ::1 GET /swagger/favicon-32x32.png 200 51.667µs
[2023/06/04 02:32:57] ::1 GET /swagger/index.html 200 497µs
[2023/06/04 02:32:57] ::1 GET /swagger/swagger-ui-standalone-preset.js 200 460.041µs
[2023/06/04 02:32:57] ::1 GET /swagger/swagger-ui.css 200 113.792µs
[2023/06/04 02:32:57] ::1 GET /swagger/swagger-ui-bundle.js 200 1.721959ms
[2023/06/04 02:32:57] ::1 GET /swagger/doc.json 200 854.833µs
[2023/06/04 02:32:57] ::1 GET /swagger/favicon-32x32.png 200 4.090041ms
[2023/06/04 02:36:56] ::1 GET /swagger/index.html 200 622.875µs
[2023/06/04 02:36:57] ::1 GET /swagger/swagger-ui.css 200 136.75µs
[2023/06/04 02:36:57] ::1 GET /swagger/swagger-ui-standalone-preset.js 200 1.312458ms
[2023/06/04 02:36:57] ::1 GET /swagger/swagger-ui-bundle.js 200 2.505916ms
[2023/06/04 02:36:57] ::1 GET /swagger/doc.json 200 384.416µs
[2023/06/04 02:36:57] ::1 GET /swagger/favicon-32x32.png 200 25.208µs
[2023/06/04 02:36:57] ::1 GET /swagger/index.html 200 36.625µs
[2023/06/04 02:36:57] ::1 GET /swagger/swagger-ui.css 304 33.375µs
[2023/06/04 02:36:57] ::1 GET /swagger/swagger-ui-bundle.js 304 12.166µs
[2023/06/04 02:36:57] ::1 GET /swagger/swagger-ui-standalone-preset.js 304 7.667µs
[2023/06/04 02:36:57] ::1 GET /swagger/doc.json 200 129.834µs
[2023/06/04 02:36:57] ::1 GET /swagger/favicon-32x32.png 304 11.791µs
[2023/06/04 02:41:18] ::1 GET /swagger/index.html 200 834.458µs
[2023/06/04 02:41:18] ::1 GET /swagger/swagger-ui.css 200 347.292µs
[2023/06/04 02:41:18] ::1 GET /swagger/swagger-ui-standalone-preset.js 200 504.666µs
[2023/06/04 02:41:18] ::1 GET /swagger/swagger-ui-bundle.js 200 2.026458ms
[2023/06/04 02:41:19] ::1 GET /swagger/doc.json 200 249.875µs
